<?xml version="1.0" encoding="UTF-8"?>
<testsuite xmlns:xsi="http://www.w3.org/2001/XMLSchema-instance" xsi:noNamespaceSchemaLocation="https://maven.apache.org/surefire/maven-surefire-plugin/xsd/surefire-test-report-3.0.xsd" version="3.0" name="com.example.gateWay.GateWayApplicationTests" time="9.851" tests="1" errors="0" skipped="0" failures="0">
  <properties>
[...]
</properties>
  <testcase name="contextLoads" classname="com.example.gateWay.GateWayApplicationTests" time="2.289">
    <system-out><![CDATA[23:07:19.026 [main] INFO org.springframework.test.context.support.AnnotationConfigContextLoaderUtils -- Could not detect default configuration classes for test class [com.example.gateWay.GateWayApplicationTests]: GateWayApplicationTests does not declare any static, non-private, non-final, nested classes annotated with @Configuration.
23:07:19.346 [main] INFO org.springframework.boot.test.context.SpringBootTestContextBootstrapper -- Found @SpringBootConfiguration com.example.gateWay.GateWayApplication for test class com.example.gateWay.GateWayApplicationTests

  .   ____          _            __ _ _
 /\\ / ___'_ __ _ _(_)_ __  __ _ \ \ \ \
( ( )\___ | '_ | '_| | '_ \/ _` | \ \ \ \
 \\/  ___)| |_)| | | | | || (_| |  ) ) ) )
  '  |____| .__|_| |_|_| |_\__, | / / / /
 =========|_|==============|___/=/_/_/_/
 :: Spring Boot ::                (v3.1.4)

2023-11-15T23:07:20.830-05:00  INFO 17383 --- [           main] c.e.gateWay.GateWayApplicationTests      : Starting GateWayApplicationTests using Java 20.0.2 with PID 17383 (started by admon in /Users/admon/Documents/universidad/SophosUniversity/BackEnd/GatewayService)
2023-11-15T23:07:20.832-05:00  INFO 17383 --- [           main] c.e.gateWay.GateWayApplicationTests      : No active profile set, falling back to 1 default profile: "default"
2023-11-15T23:07:22.939-05:00  INFO 17383 --- [           main] o.s.cloud.context.scope.GenericScope     : BeanFactory id=6b0aa820-61fd-3533-a05b-28b3533080e6
2023-11-15T23:07:25.180-05:00  INFO 17383 --- [           main] o.s.c.g.r.RouteDefinitionRouteLocator    : Loaded RoutePredicateFactory [After]
2023-11-15T23:07:25.180-05:00  INFO 17383 --- [           main] o.s.c.g.r.RouteDefinitionRouteLocator    : Loaded RoutePredicateFactory [Before]
2023-11-15T23:07:25.181-05:00  INFO 17383 --- [           main] o.s.c.g.r.RouteDefinitionRouteLocator    : Loaded RoutePredicateFactory [Between]
2023-11-15T23:07:25.181-05:00  INFO 17383 --- [           main] o.s.c.g.r.RouteDefinitionRouteLocator    : Loaded RoutePredicateFactory [Cookie]
2023-11-15T23:07:25.181-05:00  INFO 17383 --- [           main] o.s.c.g.r.RouteDefinitionRouteLocator    : Loaded RoutePredicateFactory [Header]
2023-11-15T23:07:25.181-05:00  INFO 17383 --- [           main] o.s.c.g.r.RouteDefinitionRouteLocator    : Loaded RoutePredicateFactory [Host]
2023-11-15T23:07:25.181-05:00  INFO 17383 --- [           main] o.s.c.g.r.RouteDefinitionRouteLocator    : Loaded RoutePredicateFactory [Method]
2023-11-15T23:07:25.181-05:00  INFO 17383 --- [           main] o.s.c.g.r.RouteDefinitionRouteLocator    : Loaded RoutePredicateFactory [Path]
2023-11-15T23:07:25.181-05:00  INFO 17383 --- [           main] o.s.c.g.r.RouteDefinitionRouteLocator    : Loaded RoutePredicateFactory [Query]
2023-11-15T23:07:25.182-05:00  INFO 17383 --- [           main] o.s.c.g.r.RouteDefinitionRouteLocator    : Loaded RoutePredicateFactory [ReadBody]
2023-11-15T23:07:25.182-05:00  INFO 17383 --- [           main] o.s.c.g.r.RouteDefinitionRouteLocator    : Loaded RoutePredicateFactory [RemoteAddr]
2023-11-15T23:07:25.182-05:00  INFO 17383 --- [           main] o.s.c.g.r.RouteDefinitionRouteLocator    : Loaded RoutePredicateFactory [XForwardedRemoteAddr]
2023-11-15T23:07:25.182-05:00  INFO 17383 --- [           main] o.s.c.g.r.RouteDefinitionRouteLocator    : Loaded RoutePredicateFactory [Weight]
2023-11-15T23:07:25.182-05:00  INFO 17383 --- [           main] o.s.c.g.r.RouteDefinitionRouteLocator    : Loaded RoutePredicateFactory [CloudFoundryRouteService]
2023-11-15T23:07:26.044-05:00  INFO 17383 --- [           main] c.e.gateWay.GateWayApplicationTests      : Started GateWayApplicationTests in 6.243 seconds (process running for 9.049)
]]></system-out>
  </testcase>
</testsuite>